

Microchip Technology PIC LITE Macro Assembler V1.20 build 52243 
                                                                                               Sat Feb  8 05:07:12 2014

Microchip Technology Omniscient Code Generator (Lite mode) build 52243
     1                           	processor	16F1829
     2                           	opt	pw 120
     3                           	opt	lm
     4                           	psect	intentry,global,class=CODE,delta=2
     5                           	psect	cinit,global,class=CODE,merge=1,delta=2
     6                           	psect	cstackCOMMON,global,class=COMMON,space=1,delta=1
     7                           	psect	maintext,global,class=CODE,merge=1,split=1,delta=2
     8                           	dabs	1,0x7E,2
     9  0000                     	;# 
    10  0001                     	;# 
    11  0002                     	;# 
    12  0003                     	;# 
    13  0004                     	;# 
    14  0005                     	;# 
    15  0006                     	;# 
    16  0007                     	;# 
    17  0008                     	;# 
    18  0009                     	;# 
    19  000A                     	;# 
    20  000B                     	;# 
    21  000C                     	;# 
    22  000D                     	;# 
    23  000E                     	;# 
    24  0011                     	;# 
    25  0012                     	;# 
    26  0013                     	;# 
    27  0014                     	;# 
    28  0015                     	;# 
    29  0016                     	;# 
    30  0016                     	;# 
    31  0017                     	;# 
    32  0018                     	;# 
    33  0019                     	;# 
    34  001A                     	;# 
    35  001B                     	;# 
    36  001C                     	;# 
    37  001E                     	;# 
    38  001F                     	;# 
    39  008C                     	;# 
    40  008D                     	;# 
    41  008E                     	;# 
    42  0091                     	;# 
    43  0092                     	;# 
    44  0093                     	;# 
    45  0094                     	;# 
    46  0095                     	;# 
    47  0096                     	;# 
    48  0097                     	;# 
    49  0098                     	;# 
    50  0099                     	;# 
    51  009A                     	;# 
    52  009B                     	;# 
    53  009B                     	;# 
    54  009C                     	;# 
    55  009D                     	;# 
    56  009E                     	;# 
    57  010C                     	;# 
    58  010D                     	;# 
    59  010E                     	;# 
    60  0111                     	;# 
    61  0112                     	;# 
    62  0113                     	;# 
    63  0114                     	;# 
    64  0115                     	;# 
    65  0116                     	;# 
    66  0117                     	;# 
    67  0118                     	;# 
    68  0119                     	;# 
    69  011A                     	;# 
    70  011B                     	;# 
    71  011D                     	;# 
    72  011E                     	;# 
    73  018C                     	;# 
    74  018D                     	;# 
    75  018E                     	;# 
    76  0191                     	;# 
    77  0191                     	;# 
    78  0192                     	;# 
    79  0193                     	;# 
    80  0193                     	;# 
    81  0193                     	;# 
    82  0194                     	;# 
    83  0195                     	;# 
    84  0196                     	;# 
    85  0199                     	;# 
    86  019A                     	;# 
    87  019B                     	;# 
    88  019B                     	;# 
    89  019C                     	;# 
    90  019D                     	;# 
    91  019E                     	;# 
    92  019F                     	;# 
    93  020C                     	;# 
    94  020D                     	;# 
    95  020E                     	;# 
    96  0211                     	;# 
    97  0211                     	;# 
    98  0212                     	;# 
    99  0212                     	;# 
   100  0213                     	;# 
   101  0213                     	;# 
   102  0214                     	;# 
   103  0214                     	;# 
   104  0215                     	;# 
   105  0215                     	;# 
   106  0215                     	;# 
   107  0216                     	;# 
   108  0216                     	;# 
   109  0217                     	;# 
   110  0217                     	;# 
   111  0219                     	;# 
   112  021A                     	;# 
   113  021B                     	;# 
   114  021C                     	;# 
   115  021D                     	;# 
   116  021E                     	;# 
   117  021F                     	;# 
   118  0291                     	;# 
   119  0292                     	;# 
   120  0293                     	;# 
   121  0294                     	;# 
   122  0295                     	;# 
   123  0295                     	;# 
   124  0296                     	;# 
   125  0298                     	;# 
   126  0299                     	;# 
   127  029A                     	;# 
   128  029B                     	;# 
   129  029C                     	;# 
   130  029D                     	;# 
   131  029E                     	;# 
   132  0311                     	;# 
   133  0312                     	;# 
   134  0313                     	;# 
   135  0318                     	;# 
   136  0319                     	;# 
   137  031A                     	;# 
   138  038C                     	;# 
   139  038D                     	;# 
   140  038E                     	;# 
   141  0391                     	;# 
   142  0392                     	;# 
   143  0393                     	;# 
   144  0394                     	;# 
   145  0395                     	;# 
   146  0396                     	;# 
   147  039A                     	;# 
   148  039C                     	;# 
   149  039D                     	;# 
   150  039E                     	;# 
   151  039F                     	;# 
   152  0415                     	;# 
   153  0416                     	;# 
   154  0417                     	;# 
   155  041C                     	;# 
   156  041D                     	;# 
   157  041E                     	;# 
   158  0FE4                     	;# 
   159  0FE5                     	;# 
   160  0FE6                     	;# 
   161  0FE7                     	;# 
   162  0FE8                     	;# 
   163  0FE9                     	;# 
   164  0FEA                     	;# 
   165  0FEB                     	;# 
   166  0FED                     	;# 
   167  0FEE                     	;# 
   168  0FEF                     	;# 
   169  005F                     _GIE	set	95
   170  005E                     _PEIE	set	94
   171  0070                     _RC0	set	112
   172  0071                     _RC1	set	113
   173  008D                     _RCIF	set	141
   174  008C                     _TRISA	set	140
   175  008D                     _TRISB	set	141
   176  008E                     _TRISC	set	142
   177  048D                     _RCIE	set	1165
   178  08EF                     _RXDTSEL	set	2287
   179  08EA                     _TXCKSEL	set	2282
   180  018C                     _ANSELA	set	396
   181  018D                     _ANSELB	set	397
   182  018E                     _ANSELC	set	398
   183  0199                     _RCREG	set	409
   184  019C                     _SPBRGH	set	412
   185  019B                     _SPBRGL	set	411
   186  0CFB                     _BRG16	set	3323
   187  0CF2                     _BRGH	set	3314
   188  0CEC                     _CREN	set	3308
   189  0CEF                     _SPEN	set	3311
   190  0CF4                     _SYNC	set	3316
   191                           
   192                           	psect	intentry
   193  0004                     __pintentry:	
   194                           
   195                           ; #config settings
   196  0000                     
   197 ;; *************** function _intr *****************
   198 ;; Defined at:
   199 ;;		line 44 in file "max_bell.c"
   200 ;; Parameters:    Size  Location     Type
   201 ;;		None
   202 ;; Auto vars:     Size  Location     Type
   203 ;;  data            1    2[COMMON] unsigned char 
   204 ;; Return value:  Size  Location     Type
   205 ;;		None               void
   206 ;; Registers used:
   207 ;;		wreg, status,2, status,0
   208 ;; Tracked objects:
   209 ;;		On entry : 0/0
   210 ;;		On exit  : 0/0
   211 ;;		Unchanged: 0/0
   212 ;; Data sizes:     COMMON   BANK0   BANK1   BANK2   BANK3   BANK4   BANK5   BANK6   BANK7   BANK8   BANK9  BANK10  BANK1
      +1  BANK12
   213 ;;      Params:         0       0       0       0       0       0       0       0       0       0       0       0       
      +0       0
   214 ;;      Locals:         1       0       0       0       0       0       0       0       0       0       0       0       
      +0       0
   215 ;;      Temps:          2       0       0       0       0       0       0       0       0       0       0       0       
      +0       0
   216 ;;      Totals:         3       0       0       0       0       0       0       0       0       0       0       0       
      +0       0
   217 ;;Total ram usage:        3 bytes
   218 ;; Hardware stack levels used:    1
   219 ;; This function calls:
   220 ;;		Nothing
   221 ;; This function is called by:
   222 ;;		Interrupt level 1
   223 ;; This function uses a non-reentrant model
   224 ;;
   225  0004                     _intr:	
   226                           
   227                           ;incstack = 0
   228                           ; Regs used in _intr: [wreg+status,2+status,0]
   229  0004  3180               	pagesel	$
   230  0005  0020               	movlb	0	; select bank0
   231  0006  087F               	movf	127,w
   232  0007  00F1               	movwf	??_intr+1
   233                           
   234                           ;max_bell.c: 45: if (RCIF) {
   235  0008  1E91               	btfss	17,5	;volatile
   236  0009  2820               	goto	i1l51
   237                           
   238                           ;max_bell.c: 47: char data = RCREG;
   239  000A  0023               	movlb	3	; select bank3
   240  000B  0819               	movf	25,w	;volatile
   241  000C  00F0               	movwf	??_intr
   242  000D  0870               	movf	??_intr,w
   243  000E  00F2               	movwf	intr@data
   244                           
   245                           ;max_bell.c: 48: if (data == 1) {
   246  000F  0872               	movf	intr@data,w
   247  0010  3A01               	xorlw	1
   248  0011  1D03               	skipz
   249  0012  2816               	goto	i1l520
   250                           
   251                           ;max_bell.c: 49: RC1 = 1;
   252  0013  0020               	movlb	0	; select bank0
   253  0014  148E               	bsf	14,1	;volatile
   254                           
   255                           ;max_bell.c: 50: } else if (data == 0) {
   256  0015  281B               	goto	i1l524
   257  0016                     i1l520:	
   258  0016  08F2               	movf	intr@data,f
   259  0017  1D03               	skipz
   260  0018  281B               	goto	i1l524
   261                           
   262                           ;max_bell.c: 51: RC1 = 0;
   263  0019  0020               	movlb	0	; select bank0
   264  001A  108E               	bcf	14,1	;volatile
   265  001B                     i1l524:	
   266                           
   267                           ;max_bell.c: 52: }
   268                           ;max_bell.c: 53: RC0 = !RC0;
   269  001B  3001               	movlw	1
   270  001C  0020               	movlb	0	; select bank0
   271  001D  068E               	xorwf	14,f
   272                           
   273                           ;max_bell.c: 54: CREN = 0;
   274  001E  0023               	movlb	3	; select bank3
   275  001F  121D               	bcf	29,4	;volatile
   276  0020                     i1l51:	
   277  0020  0871               	movf	??_intr+1,w
   278  0021  0020               	movlb	0	; select bank0
   279  0022  00FF               	movwf	127
   280  0023  0009               	retfie
   281  0024                     __end_of_intr:	
   282  007E                     btemp	set	126	;btemp
   283  007E                     wtemp0	set	126
   284                           
   285                           	psect	cinit
   286  0046                     start_initialization:	
   287  0046                     __initialization:	
   288  0046                     end_of_initialization:	
   289                           ;End of C runtime variable initialization code
   290                           
   291  0046                     __end_of__initialization:	
   292  0046  0020               	movlb	0
   293  0047  3180  2826         	ljmp	_main	;jump to C main() function
   294                           
   295                           	psect	cstackCOMMON
   296  0070                     __pcstackCOMMON:	
   297  0070                     ?_intr:	
   298  0070                     ??_intr:	
   299                           ; 0 bytes @ 0x0
   300                           
   301                           
   302                           ; 0 bytes @ 0x0
   303  0070                     	ds	2
   304  0072                     intr@data:	
   305                           
   306                           ; 1 bytes @ 0x2
   307  0072                     	ds	1
   308  0073                     ?_main:	
   309  0073                     main@argc:	
   310                           ; 2 bytes @ 0x3
   311                           
   312                           
   313                           ; 2 bytes @ 0x3
   314  0073                     	ds	2
   315  0075                     main@argv:	
   316                           
   317                           ; 2 bytes @ 0x5
   318  0075                     	ds	2
   319  0077                     ??_main:	
   320                           
   321                           	psect	maintext
   322  0026                     __pmaintext:	
   323                           ; 0 bytes @ 0x7
   324 ;;
   325 ;;Main: autosize = 0, tempsize = 0, incstack = 0, save=0
   326 ;;
   327 ;; *************** function _main *****************
   328 ;; Defined at:
   329 ;;		line 58 in file "max_bell.c"
   330 ;; Parameters:    Size  Location     Type
   331 ;;  argc            2    3[COMMON] int 
   332 ;;  argv            2    5[COMMON] PTR PTR unsigned char 
   333 ;; Auto vars:     Size  Location     Type
   334 ;;		None
   335 ;; Return value:  Size  Location     Type
   336 ;;                  2    3[COMMON] int 
   337 ;; Registers used:
   338 ;;		wreg, status,2
   339 ;; Tracked objects:
   340 ;;		On entry : 17F/0
   341 ;;		On exit  : 0/0
   342 ;;		Unchanged: 0/0
   343 ;; Data sizes:     COMMON   BANK0   BANK1   BANK2   BANK3   BANK4   BANK5   BANK6   BANK7   BANK8   BANK9  BANK10  BANK1
      +1  BANK12
   344 ;;      Params:         4       0       0       0       0       0       0       0       0       0       0       0       
      +0       0
   345 ;;      Locals:         0       0       0       0       0       0       0       0       0       0       0       0       
      +0       0
   346 ;;      Temps:          0       0       0       0       0       0       0       0       0       0       0       0       
      +0       0
   347 ;;      Totals:         4       0       0       0       0       0       0       0       0       0       0       0       
      +0       0
   348 ;;Total ram usage:        4 bytes
   349 ;; Hardware stack levels required when called:    1
   350 ;; This function calls:
   351 ;;		Nothing
   352 ;; This function is called by:
   353 ;;		Startup code after reset
   354 ;; This function uses a non-reentrant model
   355 ;;
   356                           
   357                           
   358                           ;psect for function _main
   359  0026                     _main:	
   360                           
   361                           ;max_bell.c: 59: ANSELA=0;
   362                           
   363                           ;incstack = 0
   364                           ; Regs used in _main: [wreg+status,2]
   365  0026  0023               	movlb	3	; select bank3
   366  0027  018C               	clrf	12	;volatile
   367                           
   368                           ;max_bell.c: 60: ANSELB=0;
   369  0028  018D               	clrf	13	;volatile
   370                           
   371                           ;max_bell.c: 61: ANSELC=0;
   372  0029  018E               	clrf	14	;volatile
   373                           
   374                           ;max_bell.c: 62: TRISA = 0xff;
   375  002A  30FF               	movlw	255
   376  002B  0021               	movlb	1	; select bank1
   377  002C  008C               	movwf	12	;volatile
   378                           
   379                           ;max_bell.c: 63: TRISB = 0xef;
   380  002D  30EF               	movlw	239
   381  002E  008D               	movwf	13	;volatile
   382                           
   383                           ;max_bell.c: 64: TRISC = 0xfc;
   384  002F  30FC               	movlw	252
   385  0030  008E               	movwf	14	;volatile
   386                           
   387                           ;max_bell.c: 66: RXDTSEL = 0;
   388  0031  0022               	movlb	2	; select bank2
   389  0032  139D               	bcf	29,7	;volatile
   390                           
   391                           ;max_bell.c: 67: TXCKSEL = 0;
   392  0033  111D               	bcf	29,2	;volatile
   393                           
   394                           ;max_bell.c: 68: SPEN = 1;
   395  0034  0023               	movlb	3	; select bank3
   396  0035  179D               	bsf	29,7	;volatile
   397                           
   398                           ;max_bell.c: 69: BRG16 = 1;
   399  0036  159F               	bsf	31,3	;volatile
   400                           
   401                           ;max_bell.c: 70: BRGH = 1;
   402  0037  151E               	bsf	30,2	;volatile
   403                           
   404                           ;max_bell.c: 71: SYNC = 0;
   405  0038  121E               	bcf	30,4	;volatile
   406                           
   407                           ;max_bell.c: 72: SPBRGH = 0;
   408  0039  019C               	clrf	28	;volatile
   409                           
   410                           ;max_bell.c: 73: SPBRGL = 12;
   411  003A  300C               	movlw	12
   412  003B  009B               	movwf	27	;volatile
   413                           
   414                           ;max_bell.c: 75: GIE = 1;
   415  003C  178B               	bsf	11,7	;volatile
   416                           
   417                           ;max_bell.c: 76: RCIE = 1;
   418  003D  0021               	movlb	1	; select bank1
   419  003E  1691               	bsf	17,5	;volatile
   420                           
   421                           ;max_bell.c: 77: PEIE = 1;
   422  003F  170B               	bsf	11,6	;volatile
   423                           
   424                           ;max_bell.c: 78: CREN = 0;
   425  0040  0023               	movlb	3	; select bank3
   426  0041  121D               	bcf	29,4	;volatile
   427                           
   428                           ;max_bell.c: 80: RC0 = 0;
   429  0042  0020               	movlb	0	; select bank0
   430  0043  100E               	bcf	14,0	;volatile
   431                           
   432                           ;max_bell.c: 81: RC1 = 0;
   433  0044  108E               	bcf	14,1	;volatile
   434  0045                     l54:	
   435                           ;max_bell.c: 83: while (1);
   436                           
   437  0045  2845               	goto	l54
   438  0046                     __end_of_main:	
   439                           ;max_bell.c: 84: return (0);
   440                           ;	Return value of _main is never used
   441                           


Data Sizes:
    Strings     0
    Constant    0
    Data        0
    BSS         0
    Persistent  0
    Stack       0

Auto Spaces:
    Space          Size  Autos    Used
    COMMON           14      7       7
    BANK0            80      0       0
    BANK1            80      0       0
    BANK2            80      0       0
    BANK3            80      0       0
    BANK4            80      0       0
    BANK5            80      0       0
    BANK6            80      0       0
    BANK7            80      0       0
    BANK8            80      0       0
    BANK9            80      0       0
    BANK10           80      0       0
    BANK11           80      0       0
    BANK12           48      0       0

Pointer List with Targets:

    None.

Critical Paths under _main in COMMON

    None.

Critical Paths under _intr in COMMON

    None.

Critical Paths under _main in BANK0

    None.

Critical Paths under _intr in BANK0

    None.

Critical Paths under _main in BANK1

    None.

Critical Paths under _intr in BANK1

    None.

Critical Paths under _main in BANK2

    None.

Critical Paths under _intr in BANK2

    None.

Critical Paths under _main in BANK3

    None.

Critical Paths under _intr in BANK3

    None.

Critical Paths under _main in BANK4

    None.

Critical Paths under _intr in BANK4

    None.

Critical Paths under _main in BANK5

    None.

Critical Paths under _intr in BANK5

    None.

Critical Paths under _main in BANK6

    None.

Critical Paths under _intr in BANK6

    None.

Critical Paths under _main in BANK7

    None.

Critical Paths under _intr in BANK7

    None.

Critical Paths under _main in BANK8

    None.

Critical Paths under _intr in BANK8

    None.

Critical Paths under _main in BANK9

    None.

Critical Paths under _intr in BANK9

    None.

Critical Paths under _main in BANK10

    None.

Critical Paths under _intr in BANK10

    None.

Critical Paths under _main in BANK11

    None.

Critical Paths under _intr in BANK11

    None.

Critical Paths under _main in BANK12

    None.

Critical Paths under _intr in BANK12

    None.

Call Graph Tables:

 ---------------------------------------------------------------------------------
 (Depth) Function   	        Calls       Base Space   Used Autos Params    Refs
 ---------------------------------------------------------------------------------
 (0) _main                                                 4     0      4       0
                                              3 COMMON     4     0      4
 ---------------------------------------------------------------------------------
 Estimated maximum stack depth 0
 ---------------------------------------------------------------------------------
 (Depth) Function   	        Calls       Base Space   Used Autos Params    Refs
 ---------------------------------------------------------------------------------
 (1) _intr                                                 3     3      0      30
                                              0 COMMON     3     3      0
 ---------------------------------------------------------------------------------
 Estimated maximum stack depth 1
 ---------------------------------------------------------------------------------

 Call Graph Graphs:

 _main (ROOT)

 _intr (ROOT)

 Address spaces:
Name               Size   Autos  Total    Cost      Usage
BIGRAM             3F0      0       0       0        0.0%
EEDATA             100      0       0       0        0.0%
NULL                 0      0       0       0        0.0%
CODE                 0      0       0       0        0.0%
BITCOMMON            E      0       0       1        0.0%
BITSFR0              0      0       0       1        0.0%
SFR0                 0      0       0       1        0.0%
COMMON               E      7       7       2       50.0%
BITSFR1              0      0       0       2        0.0%
SFR1                 0      0       0       2        0.0%
BITSFR2              0      0       0       3        0.0%
SFR2                 0      0       0       3        0.0%
STACK                0      0       0       3        0.0%
BITBANK0            50      0       0       4        0.0%
BITSFR3              0      0       0       4        0.0%
SFR3                 0      0       0       4        0.0%
BANK0               50      0       0       5        0.0%
BITSFR4              0      0       0       5        0.0%
SFR4                 0      0       0       5        0.0%
BITBANK1            50      0       0       6        0.0%
BITSFR5              0      0       0       6        0.0%
SFR5                 0      0       0       6        0.0%
BANK1               50      0       0       7        0.0%
BITSFR6              0      0       0       7        0.0%
SFR6                 0      0       0       7        0.0%
BITBANK2            50      0       0       8        0.0%
BITSFR7              0      0       0       8        0.0%
SFR7                 0      0       0       8        0.0%
BANK2               50      0       0       9        0.0%
BITSFR8              0      0       0       9        0.0%
SFR8                 0      0       0       9        0.0%
BITBANK3            50      0       0      10        0.0%
BITSFR9              0      0       0      10        0.0%
SFR9                 0      0       0      10        0.0%
BANK3               50      0       0      11        0.0%
BITSFR10             0      0       0      11        0.0%
SFR10                0      0       0      11        0.0%
BITBANK4            50      0       0      12        0.0%
BITSFR11             0      0       0      12        0.0%
SFR11                0      0       0      12        0.0%
BANK4               50      0       0      13        0.0%
BITSFR12             0      0       0      13        0.0%
SFR12                0      0       0      13        0.0%
BITBANK5            50      0       0      14        0.0%
BITSFR13             0      0       0      14        0.0%
SFR13                0      0       0      14        0.0%
BANK5               50      0       0      15        0.0%
BITSFR14             0      0       0      15        0.0%
SFR14                0      0       0      15        0.0%
BITBANK6            50      0       0      16        0.0%
BITSFR15             0      0       0      16        0.0%
SFR15                0      0       0      16        0.0%
BANK6               50      0       0      17        0.0%
BITSFR16             0      0       0      17        0.0%
SFR16                0      0       0      17        0.0%
BITBANK7            50      0       0      18        0.0%
BITSFR17             0      0       0      18        0.0%
SFR17                0      0       0      18        0.0%
BANK7               50      0       0      19        0.0%
BITSFR18             0      0       0      19        0.0%
SFR18                0      0       0      19        0.0%
BITSFR19             0      0       0      20        0.0%
SFR19                0      0       0      20        0.0%
ABS                  0      0       0      20        0.0%
BITBANK8            50      0       0      21        0.0%
BITSFR20             0      0       0      21        0.0%
SFR20                0      0       0      21        0.0%
BANK8               50      0       0      22        0.0%
BITSFR21             0      0       0      22        0.0%
SFR21                0      0       0      22        0.0%
BITBANK9            50      0       0      23        0.0%
BITSFR22             0      0       0      23        0.0%
SFR22                0      0       0      23        0.0%
BANK9               50      0       0      24        0.0%
BITSFR23             0      0       0      24        0.0%
SFR23                0      0       0      24        0.0%
BITBANK10           50      0       0      25        0.0%
BITSFR24             0      0       0      25        0.0%
SFR24                0      0       0      25        0.0%
BANK10              50      0       0      26        0.0%
BITSFR25             0      0       0      26        0.0%
SFR25                0      0       0      26        0.0%
BITBANK11           50      0       0      27        0.0%
BITSFR26             0      0       0      27        0.0%
SFR26                0      0       0      27        0.0%
BANK11              50      0       0      28        0.0%
BITSFR27             0      0       0      28        0.0%
SFR27                0      0       0      28        0.0%
BITBANK12           30      0       0      29        0.0%
BITSFR28             0      0       0      29        0.0%
SFR28                0      0       0      29        0.0%
BANK12              30      0       0      30        0.0%
BITSFR29             0      0       0      30        0.0%
SFR29                0      0       0      30        0.0%
BITSFR30             0      0       0      31        0.0%
SFR30                0      0       0      31        0.0%
DATA                 0      0       0      31        0.0%
BITSFR31             0      0       0      32        0.0%
SFR31                0      0       0      32        0.0%


Microchip Technology PIC Macro Assembler V1.20 build 52243 
Symbol Table                                                                                   Sat Feb  8 05:07:12 2014

            __CFG_CP$OFF 0000                       l54 0045                      _GIE 005F  
                    _RC0 0070                      _RC1 0071             __CFG_CPD$OFF 0000  
           __CFG_BORV$LO 0000             __CFG_LVP$OFF 0000                     _BRGH 0CF2  
                   _CREN 0CEC                     _PEIE 005E                     i1l51 0020  
                   _RCIE 048D                     _RCIF 008D                     _SPEN 0CEF  
                   _SYNC 0CF4             __CFG_WRT$OFF 0000                     _main 0026  
                   _intr 0004                     btemp 007E                     start 0024  
          __CFG_IESO$OFF 0000            __CFG_MCLRE$ON 0000                    ?_main 0073  
                  ?_intr 0070                    _BRG16 0CFB            __CFG_WDTE$OFF 0000  
                  i1l520 0016                    i1l524 001B                    _RCREG 0199  
                  _TRISA 008C                    _TRISB 008D                    _TRISC 008E  
         __CFG_FCMEN$OFF 0000           __CFG_BOREN$OFF 0000                    wtemp0 007E  
        __initialization 0046             __end_of_main 0046             __end_of_intr 0024  
                 ??_main 0077                   ??_intr 0070           __CFG_PLLEN$OFF 0000  
                 _ANSELA 018C                   _ANSELB 018D                   _ANSELC 018E  
                 _SPBRGH 019C                   _SPBRGL 019B           __CFG_PWRTE$OFF 0000  
         __CFG_STVREN$ON 0000  __end_of__initialization 0046           __pcstackCOMMON 0070  
             __pmaintext 0026               __pintentry 0004                  _RXDTSEL 08EF  
                _TXCKSEL 08EA     end_of_initialization 0046         __CFG_FOSC$INTOSC 0000  
    start_initialization 0046            __size_of_main 0020            __size_of_intr 0020  
               main@argc 0073                 main@argv 0075                 intr@data 0072  
               intlevel1 0000        __CFG_CLKOUTEN$OFF 0000  
